{
  "running": true,
  "history": [
    {
      "tx": 1,
      "risk": 0.5208328153506898,
      "time": "2025-12-21T12:15:51.208Z"
    },
    {
      "tx": 2,
      "risk": 0.13526211667306964,
      "time": "2025-12-21T12:15:53.210Z"
    },
    {
      "tx": 3,
      "risk": 0.8553790436408808,
      "time": "2025-12-21T12:15:55.213Z"
    },
    {
      "tx": 4,
      "risk": 0.9474891474606955,
      "time": "2025-12-21T12:15:57.216Z"
    },
    {
      "tx": 5,
      "risk": 0.7247776472935057,
      "time": "2025-12-21T12:15:59.218Z"
    },
    {
      "tx": 6,
      "risk": 0.41587664254507817,
      "time": "2025-12-21T12:16:01.220Z"
    },
    {
      "tx": 7,
      "risk": 0.9532582945925496,
      "time": "2025-12-21T12:16:03.223Z"
    },
    {
      "tx": 8,
      "risk": 0.20702870679407925,
      "time": "2025-12-21T12:16:05.225Z"
    },
    {
      "tx": 9,
      "risk": 0.8810708678699168,
      "time": "2025-12-21T12:16:07.228Z"
    },
    {
      "tx": 10,
      "risk": 0.7062670447622375,
      "time": "2025-12-21T12:16:09.231Z"
    },
    {
      "tx": 11,
      "risk": 0.32975757176406284,
      "time": "2025-12-21T12:16:11.234Z"
    },
    {
      "tx": 12,
      "risk": 0.11954796232354759,
      "time": "2025-12-21T12:16:13.236Z"
    },
    {
      "tx": 13,
      "risk": 0.596995093926588,
      "time": "2025-12-21T12:16:15.239Z"
    },
    {
      "tx": 14,
      "risk": 0.60516442201759,
      "time": "2025-12-21T12:16:17.241Z"
    },
    {
      "tx": 15,
      "risk": 0.42231529119543487,
      "time": "2025-12-21T12:16:19.244Z"
    },
    {
      "tx": 16,
      "risk": 0.8688886354790655,
      "time": "2025-12-21T12:16:21.247Z"
    },
    {
      "tx": 17,
      "risk": 0.011335216733889375,
      "time": "2025-12-21T12:16:23.247Z"
    },
    {
      "tx": 18,
      "risk": 0.6384044289147222,
      "time": "2025-12-21T12:16:25.249Z"
    },
    {
      "tx": 19,
      "risk": 0.4181129683302549,
      "time": "2025-12-21T12:16:27.252Z"
    },
    {
      "tx": 20,
      "risk": 0.5692387045688743,
      "time": "2025-12-21T12:16:29.254Z"
    },
    {
      "tx": 21,
      "risk": 0.029598592379298516,
      "time": "2025-12-21T12:16:31.255Z"
    },
    {
      "tx": 22,
      "risk": 0.4315551483601585,
      "time": "2025-12-21T12:16:33.258Z"
    },
    {
      "tx": 23,
      "risk": 0.9564667480055238,
      "time": "2025-12-21T12:16:35.259Z"
    },
    {
      "tx": 24,
      "risk": 0.5605276924899807,
      "time": "2025-12-21T12:16:37.263Z"
    },
    {
      "tx": 25,
      "risk": 0.8452291059173662,
      "time": "2025-12-21T12:16:39.263Z"
    },
    {
      "tx": 26,
      "risk": 0.4929413987248559,
      "time": "2025-12-21T12:16:41.266Z"
    },
    {
      "tx": 27,
      "risk": 0.9550103331755118,
      "time": "2025-12-21T12:16:43.269Z"
    },
    {
      "tx": 28,
      "risk": 0.3722210922337741,
      "time": "2025-12-21T12:16:45.270Z"
    },
    {
      "tx": 29,
      "risk": 0.5124434419508703,
      "time": "2025-12-21T12:16:47.271Z"
    },
    {
      "tx": 30,
      "risk": 0.7117368477967376,
      "time": "2025-12-21T12:16:49.274Z"
    },
    {
      "tx": 31,
      "risk": 0.4332859944276106,
      "time": "2025-12-21T12:16:51.276Z"
    },
    {
      "tx": 32,
      "risk": 0.6774123263116889,
      "time": "2025-12-21T12:16:53.278Z"
    },
    {
      "tx": 33,
      "risk": 0.555554187728583,
      "time": "2025-12-21T12:16:55.279Z"
    },
    {
      "tx": 34,
      "risk": 0.6832311813377947,
      "time": "2025-12-21T12:16:57.281Z"
    },
    {
      "tx": 35,
      "risk": 0.5615281681833622,
      "time": "2025-12-21T12:16:59.284Z"
    },
    {
      "tx": 36,
      "risk": 0.7541235537034878,
      "time": "2025-12-21T12:17:01.287Z"
    },
    {
      "tx": 37,
      "risk": 0.5049410832826049,
      "time": "2025-12-21T12:17:03.289Z"
    },
    {
      "tx": 38,
      "risk": 0.9805104412652608,
      "time": "2025-12-21T12:17:05.291Z"
    },
    {
      "tx": 39,
      "risk": 0.46767509634237503,
      "time": "2025-12-21T12:17:07.294Z"
    },
    {
      "tx": 40,
      "risk": 0.23921819847251613,
      "time": "2025-12-21T12:17:09.297Z"
    },
    {
      "tx": 41,
      "risk": 0.3039646182813571,
      "time": "2025-12-21T12:17:11.299Z"
    },
    {
      "tx": 42,
      "risk": 0.7944193760393892,
      "time": "2025-12-21T12:17:13.301Z"
    },
    {
      "tx": 43,
      "risk": 0.1637545448686759,
      "time": "2025-12-21T12:17:15.303Z"
    },
    {
      "tx": 44,
      "risk": 0.9251265592786906,
      "time": "2025-12-21T12:17:17.306Z"
    },
    {
      "tx": 45,
      "risk": 0.3789212276429954,
      "time": "2025-12-21T12:17:19.308Z"
    },
    {
      "tx": 46,
      "risk": 0.7902056312292356,
      "time": "2025-12-21T12:17:21.311Z"
    },
    {
      "tx": 47,
      "risk": 0.9612895685083267,
      "time": "2025-12-21T12:17:23.311Z"
    },
    {
      "tx": 48,
      "risk": 0.23239636753659565,
      "time": "2025-12-21T12:17:25.314Z"
    },
    {
      "tx": 49,
      "risk": 0.24172674889437862,
      "time": "2025-12-21T12:17:27.317Z"
    },
    {
      "tx": 50,
      "risk": 0.5645613177194768,
      "time": "2025-12-21T12:17:29.320Z"
    },
    {
      "tx": 51,
      "risk": 0.548272625188617,
      "time": "2025-12-21T12:17:31.322Z"
    },
    {
      "tx": 52,
      "risk": 0.6529981773171749,
      "time": "2025-12-21T12:17:33.325Z"
    },
    {
      "tx": 53,
      "risk": 0.9589336952444902,
      "time": "2025-12-21T12:17:35.325Z"
    },
    {
      "tx": 54,
      "risk": 0.44595934473184395,
      "time": "2025-12-21T12:17:37.327Z"
    },
    {
      "tx": 55,
      "risk": 0.7558758588704588,
      "time": "2025-12-21T12:17:39.330Z"
    },
    {
      "tx": 56,
      "risk": 0.838578986480953,
      "time": "2025-12-21T12:17:41.333Z"
    },
    {
      "tx": 57,
      "risk": 0.22903742527377147,
      "time": "2025-12-21T12:17:43.336Z"
    },
    {
      "tx": 58,
      "risk": 0.6638334123411203,
      "time": "2025-12-21T12:17:45.338Z"
    },
    {
      "tx": 59,
      "risk": 0.3746887206673277,
      "time": "2025-12-21T12:17:47.341Z"
    },
    {
      "tx": 60,
      "risk": 0.09472786558589386,
      "time": "2025-12-21T12:17:49.343Z"
    },
    {
      "tx": 61,
      "risk": 0.6188601077414129,
      "time": "2025-12-21T12:17:51.343Z"
    },
    {
      "tx": 62,
      "risk": 0.7587980350606203,
      "time": "2025-12-21T12:17:53.345Z"
    },
    {
      "tx": 63,
      "risk": 0.9103526720463893,
      "time": "2025-12-21T12:17:55.348Z"
    },
    {
      "tx": 64,
      "risk": 0.9252700542895407,
      "time": "2025-12-21T12:17:57.351Z"
    },
    {
      "tx": 65,
      "risk": 0.8747334321271087,
      "time": "2025-12-21T12:17:59.353Z"
    },
    {
      "tx": 66,
      "risk": 0.05507521758630096,
      "time": "2025-12-21T12:18:01.354Z"
    },
    {
      "tx": 67,
      "risk": 0.6894939399593008,
      "time": "2025-12-21T12:18:03.357Z"
    },
    {
      "tx": 68,
      "risk": 0.8231553342808813,
      "time": "2025-12-21T12:18:05.359Z"
    }
  ]
}